<?xml version="1.0" encoding="UTF-8"?>
<!-- Generated by org.testng.reporters.JUnitReportReporter -->
<testsuite hostname="LTIN188962" name="com.selenium.tests.TestCustomerForm" tests="1" failures="0" timestamp="13 Jan 2021 12:51:02 GMT" time="1.036" errors="0">
  <testcase name="testInvalidCustomerDetail" time="1.036" classname="com.selenium.tests.TestCustomerForm"/>
</testsuite> <!-- com.selenium.tests.TestCustomerForm -->
