<?xml version="1.0" encoding="UTF-8"?>
<!-- Generated by org.testng.reporters.JUnitReportReporter -->
<testsuite hostname="LTIN188962" name="com.selenium.tests.TestDisplayCustomer" tests="1" failures="0" timestamp="13 Jan 2021 12:51:02 GMT" time="6.853" errors="0">
  <testcase name="testValidCustomerDetail" time="6.853" classname="com.selenium.tests.TestDisplayCustomer"/>
</testsuite> <!-- com.selenium.tests.TestDisplayCustomer -->
